Test Failed: contactUsForm - com.JodaynDemo.tests.TC6_ContactUs
Error: org.openqa.selenium.NoSuchElementException: no such element: Unable to locate element: {"method":"css selector","selector":"div.item.active img[alt='demo website for practice']"}
  (Session info: chrome=135.0.7049.115)
For documentation on this error, please visit: https://www.selenium.dev/documentation/webdriver/troubleshooting/errors#no-such-element-exception
Build info: version: '4.31.0', revision: '1ef9f18787*'
System info: os.name: 'Windows 10', os.arch: 'amd64', os.version: '10.0', java.version: '21.0.6'
Driver info: org.openqa.selenium.chrome.ChromeDriver
Command: [9c32d7080082b5d9baad38e85e1f2076, findElement {using=css selector, value=div.item.active img[alt='demo website for practice']}]
Capabilities {acceptInsecureCerts: false, browserName: chrome, browserVersion: 135.0.7049.115, chrome: {chromedriverVersion: 135.0.7049.114 (63fd8a7d9d0..., userDataDir: C:\Users\hydroweb\AppData\L...}, fedcm:accounts: true, goog:chromeOptions: {debuggerAddress: localhost:52771}, networkConnectionEnabled: false, pageLoadStrategy: normal, platformName: windows, proxy: Proxy(), se:cdp: ws://localhost:52771/devtoo..., se:cdpVersion: 135.0.7049.115, setWindowRect: true, strictFileInteractability: false, timeouts: {implicit: 0, pageLoad: 300000, script: 30000}, unhandledPromptBehavior: dismiss and notify, webauthn:extension:credBlob: true, webauthn:extension:largeBlob: true, webauthn:extension:minPinLength: true, webauthn:extension:prf: true, webauthn:virtualAuthenticators: true}
Session ID: 9c32d7080082b5d9baad38e85e1f2076
java.base/jdk.internal.reflect.DirectConstructorHandleAccessor.newInstance(DirectConstructorHandleAccessor.java:62)
java.base/java.lang.reflect.Constructor.newInstanceWithCaller(Constructor.java:502)
java.base/java.lang.reflect.Constructor.newInstance(Constructor.java:486)
org.openqa.selenium.remote.ErrorCodec.decode(ErrorCodec.java:167)
org.openqa.selenium.remote.codec.w3c.W3CHttpResponseCodec.decode(W3CHttpResponseCodec.java:138)
org.openqa.selenium.remote.codec.w3c.W3CHttpResponseCodec.decode(W3CHttpResponseCodec.java:50)
org.openqa.selenium.remote.HttpCommandExecutor.execute(HttpCommandExecutor.java:215)
org.openqa.selenium.remote.service.DriverCommandExecutor.invokeExecute(DriverCommandExecutor.java:216)
org.openqa.selenium.remote.service.DriverCommandExecutor.execute(DriverCommandExecutor.java:174)
org.openqa.selenium.remote.RemoteWebDriver.execute(RemoteWebDriver.java:545)
org.openqa.selenium.remote.ElementLocation$ElementFinder$2.findElement(ElementLocation.java:165)
org.openqa.selenium.remote.ElementLocation.findElement(ElementLocation.java:59)
org.openqa.selenium.remote.RemoteWebDriver.findElement(RemoteWebDriver.java:368)
org.openqa.selenium.remote.RemoteWebDriver.findElement(RemoteWebDriver.java:362)
com.JodaynDemo.pages.Home.girlImgResponsive(Home.java:18)
com.JodaynDemo.pages.Home.homePageIsVisible(Home.java:102)
com.JodaynDemo.tests.TC1_UserRegistration.verifyThatHomePageIsVisibleSuccessfully(TC1_UserRegistration.java:53)
com.JodaynDemo.tests.TC6_ContactUs.contactUsForm(TC6_ContactUs.java:29)
java.base/jdk.internal.reflect.DirectMethodHandleAccessor.invoke(DirectMethodHandleAccessor.java:103)
java.base/java.lang.reflect.Method.invoke(Method.java:580)
org.testng.internal.invokers.MethodInvocationHelper.invokeMethod(MethodInvocationHelper.java:141)
org.testng.internal.invokers.TestInvoker.invokeMethod(TestInvoker.java:687)
org.testng.internal.invokers.TestInvoker.invokeTestMethod(TestInvoker.java:230)
org.testng.internal.invokers.MethodRunner.runInSequence(MethodRunner.java:63)
org.testng.internal.invokers.TestInvoker$MethodInvocationAgent.invoke(TestInvoker.java:995)
org.testng.internal.invokers.TestInvoker.invokeTestMethods(TestInvoker.java:203)
org.testng.internal.invokers.TestMethodWorker.invokeTestMethods(TestMethodWorker.java:154)
org.testng.internal.invokers.TestMethodWorker.run(TestMethodWorker.java:134)
java.base/java.util.concurrent.Executors$RunnableAdapter.call(Executors.java:572)
java.base/java.util.concurrent.FutureTask.run(FutureTask.java:317)
org.testng.internal.thread.graph.TestNGFutureTask.run(TestNGFutureTask.java:22)
java.base/java.util.concurrent.ThreadPoolExecutor.runWorker(ThreadPoolExecutor.java:1144)
java.base/java.util.concurrent.ThreadPoolExecutor$Worker.run(ThreadPoolExecutor.java:642)
java.base/java.lang.Thread.run(Thread.java:1583)
Test Failed: contactUsForm - com.JodaynDemo.tests.TC6_ContactUs
Error: java.lang.AssertionError: Verify success message 'Success! Your details have been submitted successfully.' is visible expected [Success! Your details have been submitted successfully..] but found [Success! Your details have been submitted successfully.]
org.testng.Assert.fail(Assert.java:111)
org.testng.Assert.failNotEquals(Assert.java:1590)
org.testng.Assert.assertEqualsImpl(Assert.java:150)
org.testng.Assert.assertEquals(Assert.java:132)
org.testng.Assert.assertEquals(Assert.java:656)
com.JodaynDemo.tests.TC6_ContactUs.verifySuccessMessageSuccessYourDetailsHaveBeenSubmittedSuccessfullyIsVisible(TC6_ContactUs.java:52)
com.JodaynDemo.tests.TC6_ContactUs.contactUsForm(TC6_ContactUs.java:31)
java.base/jdk.internal.reflect.DirectMethodHandleAccessor.invoke(DirectMethodHandleAccessor.java:103)
java.base/java.lang.reflect.Method.invoke(Method.java:580)
org.testng.internal.invokers.MethodInvocationHelper.invokeMethod(MethodInvocationHelper.java:141)
org.testng.internal.invokers.TestInvoker.invokeMethod(TestInvoker.java:687)
org.testng.internal.invokers.TestInvoker.invokeTestMethod(TestInvoker.java:230)
org.testng.internal.invokers.MethodRunner.runInSequence(MethodRunner.java:63)
org.testng.internal.invokers.TestInvoker$MethodInvocationAgent.invoke(TestInvoker.java:995)
org.testng.internal.invokers.TestInvoker.invokeTestMethods(TestInvoker.java:203)
org.testng.internal.invokers.TestMethodWorker.invokeTestMethods(TestMethodWorker.java:154)
org.testng.internal.invokers.TestMethodWorker.run(TestMethodWorker.java:134)
java.base/java.util.concurrent.Executors$RunnableAdapter.call(Executors.java:572)
java.base/java.util.concurrent.FutureTask.run(FutureTask.java:317)
org.testng.internal.thread.graph.TestNGFutureTask.run(TestNGFutureTask.java:22)
java.base/java.util.concurrent.ThreadPoolExecutor.runWorker(ThreadPoolExecutor.java:1144)
java.base/java.util.concurrent.ThreadPoolExecutor$Worker.run(ThreadPoolExecutor.java:642)
java.base/java.lang.Thread.run(Thread.java:1583)
Test Failed: contactUsForm - com.JodaynDemo.tests.TC6_ContactUs
Error: java.lang.AssertionError: Verify success message 'Success! Your details have been submitted successfully.' is visible expected [Success! Your details have been submitted successfully..] but found [Success! Your details have been submitted successfully.]
org.testng.Assert.fail(Assert.java:111)
org.testng.Assert.failNotEquals(Assert.java:1590)
org.testng.Assert.assertEqualsImpl(Assert.java:150)
org.testng.Assert.assertEquals(Assert.java:132)
org.testng.Assert.assertEquals(Assert.java:656)
com.JodaynDemo.tests.TC6_ContactUs.verifySuccessMessageSuccessYourDetailsHaveBeenSubmittedSuccessfullyIsVisible(TC6_ContactUs.java:52)
com.JodaynDemo.tests.TC6_ContactUs.contactUsForm(TC6_ContactUs.java:31)
java.base/jdk.internal.reflect.DirectMethodHandleAccessor.invoke(DirectMethodHandleAccessor.java:103)
java.base/java.lang.reflect.Method.invoke(Method.java:580)
org.testng.internal.invokers.MethodInvocationHelper.invokeMethod(MethodInvocationHelper.java:141)
org.testng.internal.invokers.TestInvoker.invokeMethod(TestInvoker.java:687)
org.testng.internal.invokers.TestInvoker.invokeTestMethod(TestInvoker.java:230)
org.testng.internal.invokers.MethodRunner.runInSequence(MethodRunner.java:63)
org.testng.internal.invokers.TestInvoker$MethodInvocationAgent.invoke(TestInvoker.java:995)
org.testng.internal.invokers.TestInvoker.invokeTestMethods(TestInvoker.java:203)
org.testng.internal.invokers.TestMethodWorker.invokeTestMethods(TestMethodWorker.java:154)
org.testng.internal.invokers.TestMethodWorker.run(TestMethodWorker.java:134)
java.base/java.util.concurrent.Executors$RunnableAdapter.call(Executors.java:572)
java.base/java.util.concurrent.FutureTask.run(FutureTask.java:317)
org.testng.internal.thread.graph.TestNGFutureTask.run(TestNGFutureTask.java:22)
java.base/java.util.concurrent.ThreadPoolExecutor.runWorker(ThreadPoolExecutor.java:1144)
java.base/java.util.concurrent.ThreadPoolExecutor$Worker.run(ThreadPoolExecutor.java:642)
java.base/java.lang.Thread.run(Thread.java:1583)
Test Failed: verifySubscriptionInCartPage - com.JodaynDemo.tests.TC11_SubscriptionVerificationCart
Error: org.openqa.selenium.NoSuchElementException: Unable to find element with locator By.cssSelector: div.item.active img[alt='demo website for practice']
For documentation on this error, please visit: https://www.selenium.dev/documentation/webdriver/troubleshooting/errors#no-such-element-exception
Build info: version: '4.31.0', revision: '1ef9f18787*'
System info: os.name: 'Windows 10', os.arch: 'amd64', os.version: '10.0', java.version: '21.0.6'
Driver info: driver.version: RemoteWebDriver
org.openqa.selenium.remote.ElementLocation$ElementFinder$2.findElement(ElementLocation.java:168)
org.openqa.selenium.remote.ElementLocation.findElement(ElementLocation.java:59)
org.openqa.selenium.remote.RemoteWebDriver.findElement(RemoteWebDriver.java:368)
org.openqa.selenium.remote.RemoteWebDriver.findElement(RemoteWebDriver.java:362)
com.JodaynDemo.pages.Home.girlImgResponsive(Home.java:18)
com.JodaynDemo.pages.Home.homePageIsVisible(Home.java:102)
com.JodaynDemo.tests.TC1_UserRegistration.verifyThatHomePageIsVisibleSuccessfully(TC1_UserRegistration.java:53)
com.JodaynDemo.tests.TC11_SubscriptionVerificationCart.verifySubscriptionInCartPage(TC11_SubscriptionVerificationCart.java:26)
java.base/jdk.internal.reflect.DirectMethodHandleAccessor.invoke(DirectMethodHandleAccessor.java:103)
java.base/java.lang.reflect.Method.invoke(Method.java:580)
org.testng.internal.invokers.MethodInvocationHelper.invokeMethod(MethodInvocationHelper.java:141)
org.testng.internal.invokers.TestInvoker.invokeMethod(TestInvoker.java:687)
org.testng.internal.invokers.TestInvoker.invokeTestMethod(TestInvoker.java:230)
org.testng.internal.invokers.MethodRunner.runInSequence(MethodRunner.java:63)
org.testng.internal.invokers.TestInvoker$MethodInvocationAgent.invoke(TestInvoker.java:995)
org.testng.internal.invokers.TestInvoker.invokeTestMethods(TestInvoker.java:203)
org.testng.internal.invokers.TestMethodWorker.invokeTestMethods(TestMethodWorker.java:154)
org.testng.internal.invokers.TestMethodWorker.run(TestMethodWorker.java:134)
java.base/java.util.concurrent.Executors$RunnableAdapter.call(Executors.java:572)
java.base/java.util.concurrent.FutureTask.run(FutureTask.java:317)
org.testng.internal.thread.graph.TestNGFutureTask.run(TestNGFutureTask.java:22)
java.base/java.util.concurrent.ThreadPoolExecutor.runWorker(ThreadPoolExecutor.java:1144)
java.base/java.util.concurrent.ThreadPoolExecutor$Worker.run(ThreadPoolExecutor.java:642)
java.base/java.lang.Thread.run(Thread.java:1583)
Test Failed: placeOrderRegisterWhileCheckout - com.JodaynDemo.tests.TC14_OrderPlaceRegisterDuringCheckout
Error: java.lang.AssertionError: Verify that 'ACCOUNT DELETED!' is visible expected [ACCOUNT DELETED!] but found [ACCOUNT DELETED!E-commerce solutions]
org.testng.Assert.fail(Assert.java:111)
org.testng.Assert.failNotEquals(Assert.java:1590)
org.testng.Assert.assertEqualsImpl(Assert.java:150)
org.testng.Assert.assertEquals(Assert.java:132)
org.testng.Assert.assertEquals(Assert.java:656)
com.JodaynDemo.tests.TC1_UserRegistration.verifyThatAccountDeletedIsVisibleAndClickContinueButton(TC1_UserRegistration.java:101)
com.JodaynDemo.tests.TC14_OrderPlaceRegisterDuringCheckout.placeOrderRegisterWhileCheckout(TC14_OrderPlaceRegisterDuringCheckout.java:52)
java.base/jdk.internal.reflect.DirectMethodHandleAccessor.invoke(DirectMethodHandleAccessor.java:103)
java.base/java.lang.reflect.Method.invoke(Method.java:580)
org.testng.internal.invokers.MethodInvocationHelper.invokeMethod(MethodInvocationHelper.java:141)
org.testng.internal.invokers.TestInvoker.invokeMethod(TestInvoker.java:687)
org.testng.internal.invokers.TestInvoker.invokeTestMethod(TestInvoker.java:230)
org.testng.internal.invokers.MethodRunner.runInSequence(MethodRunner.java:63)
org.testng.internal.invokers.TestInvoker$MethodInvocationAgent.invoke(TestInvoker.java:995)
org.testng.internal.invokers.TestInvoker.invokeTestMethods(TestInvoker.java:203)
org.testng.internal.invokers.TestMethodWorker.invokeTestMethods(TestMethodWorker.java:154)
org.testng.internal.invokers.TestMethodWorker.run(TestMethodWorker.java:134)
java.base/java.util.concurrent.Executors$RunnableAdapter.call(Executors.java:572)
java.base/java.util.concurrent.FutureTask.run(FutureTask.java:317)
org.testng.internal.thread.graph.TestNGFutureTask.run(TestNGFutureTask.java:22)
java.base/java.util.concurrent.ThreadPoolExecutor.runWorker(ThreadPoolExecutor.java:1144)
java.base/java.util.concurrent.ThreadPoolExecutor$Worker.run(ThreadPoolExecutor.java:642)
java.base/java.lang.Thread.run(Thread.java:1583)
Test Failed: placeOrderRegisterBeforeCheckout - com.JodaynDemo.tests.TC15_OrderPlaceRegisterBeforeCheckout
Error: java.lang.AssertionError: Verify that 'ACCOUNT DELETED!' is visible expected [ACCOUNT DELETED!] but found [ACCOUNT DELETED!E-commerce solutions]
org.testng.Assert.fail(Assert.java:111)
org.testng.Assert.failNotEquals(Assert.java:1590)
org.testng.Assert.assertEqualsImpl(Assert.java:150)
org.testng.Assert.assertEquals(Assert.java:132)
org.testng.Assert.assertEquals(Assert.java:656)
com.JodaynDemo.tests.TC1_UserRegistration.verifyThatAccountDeletedIsVisibleAndClickContinueButton(TC1_UserRegistration.java:101)
com.JodaynDemo.tests.TC15_OrderPlaceRegisterBeforeCheckout.placeOrderRegisterBeforeCheckout(TC15_OrderPlaceRegisterBeforeCheckout.java:48)
java.base/jdk.internal.reflect.DirectMethodHandleAccessor.invoke(DirectMethodHandleAccessor.java:103)
java.base/java.lang.reflect.Method.invoke(Method.java:580)
org.testng.internal.invokers.MethodInvocationHelper.invokeMethod(MethodInvocationHelper.java:141)
org.testng.internal.invokers.TestInvoker.invokeMethod(TestInvoker.java:687)
org.testng.internal.invokers.TestInvoker.invokeTestMethod(TestInvoker.java:230)
org.testng.internal.invokers.MethodRunner.runInSequence(MethodRunner.java:63)
org.testng.internal.invokers.TestInvoker$MethodInvocationAgent.invoke(TestInvoker.java:995)
org.testng.internal.invokers.TestInvoker.invokeTestMethods(TestInvoker.java:203)
org.testng.internal.invokers.TestMethodWorker.invokeTestMethods(TestMethodWorker.java:154)
org.testng.internal.invokers.TestMethodWorker.run(TestMethodWorker.java:134)
java.base/java.util.concurrent.Executors$RunnableAdapter.call(Executors.java:572)
java.base/java.util.concurrent.FutureTask.run(FutureTask.java:317)
org.testng.internal.thread.graph.TestNGFutureTask.run(TestNGFutureTask.java:22)
java.base/java.util.concurrent.ThreadPoolExecutor.runWorker(ThreadPoolExecutor.java:1144)
java.base/java.util.concurrent.ThreadPoolExecutor$Worker.run(ThreadPoolExecutor.java:642)
java.base/java.lang.Thread.run(Thread.java:1583)
Test Failed: placeOrderLoginBeforeCheckout - com.JodaynDemo.tests.TC16_OrderPlaceLoginBeforeCheckout
Error: java.lang.AssertionError: Verify 'Logged in as username' at top expected [BilalTest1994] but found [Logged in as BilalTest1994]
org.testng.Assert.fail(Assert.java:111)
org.testng.Assert.failNotEquals(Assert.java:1590)
org.testng.Assert.assertEqualsImpl(Assert.java:150)
org.testng.Assert.assertEquals(Assert.java:132)
org.testng.Assert.assertEquals(Assert.java:656)
com.JodaynDemo.tests.TC16_OrderPlaceLoginBeforeCheckout.verifyLoggedInAsUsernameAtTop(TC16_OrderPlaceLoginBeforeCheckout.java:54)
com.JodaynDemo.tests.TC16_OrderPlaceLoginBeforeCheckout.placeOrderLoginBeforeCheckout(TC16_OrderPlaceLoginBeforeCheckout.java:42)
java.base/jdk.internal.reflect.DirectMethodHandleAccessor.invoke(DirectMethodHandleAccessor.java:103)
java.base/java.lang.reflect.Method.invoke(Method.java:580)
org.testng.internal.invokers.MethodInvocationHelper.invokeMethod(MethodInvocationHelper.java:141)
org.testng.internal.invokers.TestInvoker.invokeMethod(TestInvoker.java:687)
org.testng.internal.invokers.TestInvoker.invokeTestMethod(TestInvoker.java:230)
org.testng.internal.invokers.MethodRunner.runInSequence(MethodRunner.java:63)
org.testng.internal.invokers.TestInvoker$MethodInvocationAgent.invoke(TestInvoker.java:995)
org.testng.internal.invokers.TestInvoker.invokeTestMethods(TestInvoker.java:203)
org.testng.internal.invokers.TestMethodWorker.invokeTestMethods(TestMethodWorker.java:154)
org.testng.internal.invokers.TestMethodWorker.run(TestMethodWorker.java:134)
java.base/java.util.concurrent.Executors$RunnableAdapter.call(Executors.java:572)
java.base/java.util.concurrent.FutureTask.run(FutureTask.java:317)
org.testng.internal.thread.graph.TestNGFutureTask.run(TestNGFutureTask.java:22)
java.base/java.util.concurrent.ThreadPoolExecutor.runWorker(ThreadPoolExecutor.java:1144)
java.base/java.util.concurrent.ThreadPoolExecutor$Worker.run(ThreadPoolExecutor.java:642)
java.base/java.lang.Thread.run(Thread.java:1583)
Test Failed: viewCategoryProducts - com.JodaynDemo.tests.TC18_ProductViewCategory
Error: java.lang.AssertionError: Verify that category page is displayed and confirm text 'WOMEN - DRESS PRODUCTS' expected [WOMEN - DRESS PRODUCTS] but found [WOMEN -  DRESS PRODUCTS]
org.testng.Assert.fail(Assert.java:111)
org.testng.Assert.failNotEquals(Assert.java:1590)
org.testng.Assert.assertEqualsImpl(Assert.java:150)
org.testng.Assert.assertEquals(Assert.java:132)
org.testng.Assert.assertEquals(Assert.java:656)
com.JodaynDemo.tests.TC18_ProductViewCategory.verifyThatCategoryPageIsDisplayedAndConfirmTextWomenDressProducts(TC18_ProductViewCategory.java:47)
com.JodaynDemo.tests.TC18_ProductViewCategory.viewCategoryProducts(TC18_ProductViewCategory.java:28)
java.base/jdk.internal.reflect.DirectMethodHandleAccessor.invoke(DirectMethodHandleAccessor.java:103)
java.base/java.lang.reflect.Method.invoke(Method.java:580)
org.testng.internal.invokers.MethodInvocationHelper.invokeMethod(MethodInvocationHelper.java:141)
org.testng.internal.invokers.TestInvoker.invokeMethod(TestInvoker.java:687)
org.testng.internal.invokers.TestInvoker.invokeTestMethod(TestInvoker.java:230)
org.testng.internal.invokers.MethodRunner.runInSequence(MethodRunner.java:63)
org.testng.internal.invokers.TestInvoker$MethodInvocationAgent.invoke(TestInvoker.java:995)
org.testng.internal.invokers.TestInvoker.invokeTestMethods(TestInvoker.java:203)
org.testng.internal.invokers.TestMethodWorker.invokeTestMethods(TestMethodWorker.java:154)
org.testng.internal.invokers.TestMethodWorker.run(TestMethodWorker.java:134)
java.base/java.util.concurrent.Executors$RunnableAdapter.call(Executors.java:572)
java.base/java.util.concurrent.FutureTask.run(FutureTask.java:317)
org.testng.internal.thread.graph.TestNGFutureTask.run(TestNGFutureTask.java:22)
java.base/java.util.concurrent.ThreadPoolExecutor.runWorker(ThreadPoolExecutor.java:1144)
java.base/java.util.concurrent.ThreadPoolExecutor$Worker.run(ThreadPoolExecutor.java:642)
java.base/java.lang.Thread.run(Thread.java:1583)
Test Failed: viewCartBrandProducts - com.JodaynDemo.tests.TC19_ProductBrandCartandView
Error: java.lang.AssertionError: Verify that brand products are displayed expected [Green Side Placket Detail T-Shirt] but found [Green Side Placket Detail  T-Shirt]
org.testng.Assert.fail(Assert.java:111)
org.testng.Assert.failNotEquals(Assert.java:1590)
org.testng.Assert.assertEqualsImpl(Assert.java:150)
org.testng.Assert.assertEquals(Assert.java:132)
org.testng.Assert.assertEquals(Assert.java:656)
com.JodaynDemo.tests.TC19_ProductBrandCartandView.verifyThatUserIsNavigatedToBrandPageAndBrandProductsAreDisplayed(TC19_ProductBrandCartandView.java:55)
com.JodaynDemo.tests.TC19_ProductBrandCartandView.viewCartBrandProducts(TC19_ProductBrandCartandView.java:32)
java.base/jdk.internal.reflect.DirectMethodHandleAccessor.invoke(DirectMethodHandleAccessor.java:103)
java.base/java.lang.reflect.Method.invoke(Method.java:580)
org.testng.internal.invokers.MethodInvocationHelper.invokeMethod(MethodInvocationHelper.java:141)
org.testng.internal.invokers.TestInvoker.invokeMethod(TestInvoker.java:687)
org.testng.internal.invokers.TestInvoker.invokeTestMethod(TestInvoker.java:230)
org.testng.internal.invokers.MethodRunner.runInSequence(MethodRunner.java:63)
org.testng.internal.invokers.TestInvoker$MethodInvocationAgent.invoke(TestInvoker.java:995)
org.testng.internal.invokers.TestInvoker.invokeTestMethods(TestInvoker.java:203)
org.testng.internal.invokers.TestMethodWorker.invokeTestMethods(TestMethodWorker.java:154)
org.testng.internal.invokers.TestMethodWorker.run(TestMethodWorker.java:134)
java.base/java.util.concurrent.Executors$RunnableAdapter.call(Executors.java:572)
java.base/java.util.concurrent.FutureTask.run(FutureTask.java:317)
org.testng.internal.thread.graph.TestNGFutureTask.run(TestNGFutureTask.java:22)
java.base/java.util.concurrent.ThreadPoolExecutor.runWorker(ThreadPoolExecutor.java:1144)
java.base/java.util.concurrent.ThreadPoolExecutor$Worker.run(ThreadPoolExecutor.java:642)
java.base/java.lang.Thread.run(Thread.java:1583)
Test Failed: searchProductsAndVerifyCartAfterLogin - com.JodaynDemo.tests.TC20_ProductSearchAndCartValidationAfterLogin
Error: java.lang.AssertionError: Verify that products are visible in cart expected [Blue Cotton Indie Mickey Dress] but found [Blue  Cotton Indie Mickey  Dress]
org.testng.Assert.fail(Assert.java:111)
org.testng.Assert.failNotEquals(Assert.java:1590)
org.testng.Assert.assertEqualsImpl(Assert.java:150)
org.testng.Assert.assertEquals(Assert.java:132)
org.testng.Assert.assertEquals(Assert.java:656)
com.JodaynDemo.tests.TC20_ProductSearchAndCartValidationAfterLogin.clickCartButtonAndVerifyThatProductsAreVisibleInCart(TC20_ProductSearchAndCartValidationAfterLogin.java:57)
com.JodaynDemo.tests.TC20_ProductSearchAndCartValidationAfterLogin.searchProductsAndVerifyCartAfterLogin(TC20_ProductSearchAndCartValidationAfterLogin.java:43)
java.base/jdk.internal.reflect.DirectMethodHandleAccessor.invoke(DirectMethodHandleAccessor.java:103)
java.base/java.lang.reflect.Method.invoke(Method.java:580)
org.testng.internal.invokers.MethodInvocationHelper.invokeMethod(MethodInvocationHelper.java:141)
org.testng.internal.invokers.TestInvoker.invokeMethod(TestInvoker.java:687)
org.testng.internal.invokers.TestInvoker.invokeTestMethod(TestInvoker.java:230)
org.testng.internal.invokers.MethodRunner.runInSequence(MethodRunner.java:63)
org.testng.internal.invokers.TestInvoker$MethodInvocationAgent.invoke(TestInvoker.java:995)
org.testng.internal.invokers.TestInvoker.invokeTestMethods(TestInvoker.java:203)
org.testng.internal.invokers.TestMethodWorker.invokeTestMethods(TestMethodWorker.java:154)
org.testng.internal.invokers.TestMethodWorker.run(TestMethodWorker.java:134)
java.base/java.util.concurrent.Executors$RunnableAdapter.call(Executors.java:572)
java.base/java.util.concurrent.FutureTask.run(FutureTask.java:317)
org.testng.internal.thread.graph.TestNGFutureTask.run(TestNGFutureTask.java:22)
java.base/java.util.concurrent.ThreadPoolExecutor.runWorker(ThreadPoolExecutor.java:1144)
java.base/java.util.concurrent.ThreadPoolExecutor$Worker.run(ThreadPoolExecutor.java:642)
java.base/java.lang.Thread.run(Thread.java:1583)
Test Failed: verifyAddressDetailsInCheckoutPage - com.JodaynDemo.tests.TC23_CheckoutValidateAddressDetails
Error: java.lang.AssertionError: Verify that 'ACCOUNT DELETED!' is visible expected [ACCOUNT DELETED!] but found [ACCOUNT DELETED!E-commerce solutions]
org.testng.Assert.fail(Assert.java:111)
org.testng.Assert.failNotEquals(Assert.java:1590)
org.testng.Assert.assertEqualsImpl(Assert.java:150)
org.testng.Assert.assertEquals(Assert.java:132)
org.testng.Assert.assertEquals(Assert.java:656)
com.JodaynDemo.tests.TC1_UserRegistration.verifyThatAccountDeletedIsVisibleAndClickContinueButton(TC1_UserRegistration.java:101)
com.JodaynDemo.tests.TC23_CheckoutValidateAddressDetails.verifyAddressDetailsInCheckoutPage(TC23_CheckoutValidateAddressDetails.java:41)
java.base/jdk.internal.reflect.DirectMethodHandleAccessor.invoke(DirectMethodHandleAccessor.java:103)
java.base/java.lang.reflect.Method.invoke(Method.java:580)
org.testng.internal.invokers.MethodInvocationHelper.invokeMethod(MethodInvocationHelper.java:141)
org.testng.internal.invokers.TestInvoker.invokeMethod(TestInvoker.java:687)
org.testng.internal.invokers.TestInvoker.invokeTestMethod(TestInvoker.java:230)
org.testng.internal.invokers.MethodRunner.runInSequence(MethodRunner.java:63)
org.testng.internal.invokers.TestInvoker$MethodInvocationAgent.invoke(TestInvoker.java:995)
org.testng.internal.invokers.TestInvoker.invokeTestMethods(TestInvoker.java:203)
org.testng.internal.invokers.TestMethodWorker.invokeTestMethods(TestMethodWorker.java:154)
org.testng.internal.invokers.TestMethodWorker.run(TestMethodWorker.java:134)
java.base/java.util.concurrent.Executors$RunnableAdapter.call(Executors.java:572)
java.base/java.util.concurrent.FutureTask.run(FutureTask.java:317)
org.testng.internal.thread.graph.TestNGFutureTask.run(TestNGFutureTask.java:22)
java.base/java.util.concurrent.ThreadPoolExecutor.runWorker(ThreadPoolExecutor.java:1144)
java.base/java.util.concurrent.ThreadPoolExecutor$Worker.run(ThreadPoolExecutor.java:642)
java.base/java.lang.Thread.run(Thread.java:1583)
Test Failed: downloadInvoiceAfterPurchaseOrder - com.JodaynDemo.tests.TC24_InvoiceDownloadAfterPurchase
Error: org.openqa.selenium.NoSuchSessionException: invalid session id: session deleted as the browser has closed the connection
from disconnected: unable to send message to renderer
  (Session info: chrome=135.0.7049.115)
Build info: version: '4.31.0', revision: '1ef9f18787*'
System info: os.name: 'Windows 10', os.arch: 'amd64', os.version: '10.0', java.version: '21.0.6'
Driver info: org.openqa.selenium.chrome.ChromeDriver
Command: [5996e624e5441ec228245f2e167987b9, clickElement {id=f.0EC0FC6CA5B16AA16AC0B5CBFA71E0A8.d.A3E4A4A33DB4D68B7081385BB0F2C184.e.39}]
Capabilities {acceptInsecureCerts: false, browserName: chrome, browserVersion: 135.0.7049.115, chrome: {chromedriverVersion: 135.0.7049.114 (63fd8a7d9d0..., userDataDir: C:\Users\hydroweb\AppData\L...}, fedcm:accounts: true, goog:chromeOptions: {debuggerAddress: localhost:53977}, networkConnectionEnabled: false, pageLoadStrategy: normal, platformName: windows, proxy: Proxy(), se:cdp: ws://localhost:53977/devtoo..., se:cdpVersion: 135.0.7049.115, setWindowRect: true, strictFileInteractability: false, timeouts: {implicit: 0, pageLoad: 300000, script: 30000}, unhandledPromptBehavior: dismiss and notify, webauthn:extension:credBlob: true, webauthn:extension:largeBlob: true, webauthn:extension:minPinLength: true, webauthn:extension:prf: true, webauthn:virtualAuthenticators: true}
Element: [[ChromeDriver: chrome on windows (5996e624e5441ec228245f2e167987b9)] -> css selector: a[href='/view_cart'] u]
Session ID: 5996e624e5441ec228245f2e167987b9
java.base/jdk.internal.reflect.DirectConstructorHandleAccessor.newInstance(DirectConstructorHandleAccessor.java:62)
java.base/java.lang.reflect.Constructor.newInstanceWithCaller(Constructor.java:502)
java.base/java.lang.reflect.Constructor.newInstance(Constructor.java:486)
org.openqa.selenium.remote.ErrorCodec.decode(ErrorCodec.java:167)
org.openqa.selenium.remote.codec.w3c.W3CHttpResponseCodec.decode(W3CHttpResponseCodec.java:138)
org.openqa.selenium.remote.codec.w3c.W3CHttpResponseCodec.decode(W3CHttpResponseCodec.java:50)
org.openqa.selenium.remote.HttpCommandExecutor.execute(HttpCommandExecutor.java:215)
org.openqa.selenium.remote.service.DriverCommandExecutor.invokeExecute(DriverCommandExecutor.java:216)
org.openqa.selenium.remote.service.DriverCommandExecutor.execute(DriverCommandExecutor.java:174)
org.openqa.selenium.remote.RemoteWebDriver.execute(RemoteWebDriver.java:545)
org.openqa.selenium.remote.RemoteWebElement.execute(RemoteWebElement.java:223)
org.openqa.selenium.remote.RemoteWebElement.click(RemoteWebElement.java:76)
com.JodaynDemo.pages.Products.addProductsToCart(Products.java:111)
com.JodaynDemo.tests.TC14_OrderPlaceRegisterDuringCheckout.verifyThatCartPageIsDisplayed(TC14_OrderPlaceRegisterDuringCheckout.java:58)
com.JodaynDemo.tests.TC24_InvoiceDownloadAfterPurchase.downloadInvoiceAfterPurchaseOrder(TC24_InvoiceDownloadAfterPurchase.java:48)
java.base/jdk.internal.reflect.DirectMethodHandleAccessor.invoke(DirectMethodHandleAccessor.java:103)
java.base/java.lang.reflect.Method.invoke(Method.java:580)
org.testng.internal.invokers.MethodInvocationHelper.invokeMethod(MethodInvocationHelper.java:141)
org.testng.internal.invokers.TestInvoker.invokeMethod(TestInvoker.java:687)
org.testng.internal.invokers.TestInvoker.invokeTestMethod(TestInvoker.java:230)
org.testng.internal.invokers.MethodRunner.runInSequence(MethodRunner.java:63)
org.testng.internal.invokers.TestInvoker$MethodInvocationAgent.invoke(TestInvoker.java:995)
org.testng.internal.invokers.TestInvoker.invokeTestMethods(TestInvoker.java:203)
org.testng.internal.invokers.TestMethodWorker.invokeTestMethods(TestMethodWorker.java:154)
org.testng.internal.invokers.TestMethodWorker.run(TestMethodWorker.java:134)
java.base/java.util.concurrent.Executors$RunnableAdapter.call(Executors.java:572)
java.base/java.util.concurrent.FutureTask.run(FutureTask.java:317)
org.testng.internal.thread.graph.TestNGFutureTask.run(TestNGFutureTask.java:22)
java.base/java.util.concurrent.ThreadPoolExecutor.runWorker(ThreadPoolExecutor.java:1144)
java.base/java.util.concurrent.ThreadPoolExecutor$Worker.run(ThreadPoolExecutor.java:642)
java.base/java.lang.Thread.run(Thread.java:1583)
Test Failed: verifyScrollUpUsingArrowButtonAndScrollDownFunctionality - com.JodaynDemo.tests.TC25_ScrollUpandScrollDown
Error: java.lang.ClassCastException: class java.lang.Long cannot be cast to class java.lang.Double (java.lang.Long and java.lang.Double are in module java.base of loader 'bootstrap')
com.JodaynDemo.tests.TC25_ScrollUpandScrollDown.verifyThatPageIsScrolledUpAndFullFledgedPracticeWebsiteForAutomationEngineersTextIsVisibleOnScreen(TC25_ScrollUpandScrollDown.java:47)
com.JodaynDemo.tests.TC25_ScrollUpandScrollDown.verifyScrollUpUsingArrowButtonAndScrollDownFunctionality(TC25_ScrollUpandScrollDown.java:27)
java.base/jdk.internal.reflect.DirectMethodHandleAccessor.invoke(DirectMethodHandleAccessor.java:103)
java.base/java.lang.reflect.Method.invoke(Method.java:580)
org.testng.internal.invokers.MethodInvocationHelper.invokeMethod(MethodInvocationHelper.java:141)
org.testng.internal.invokers.TestInvoker.invokeMethod(TestInvoker.java:687)
org.testng.internal.invokers.TestInvoker.invokeTestMethod(TestInvoker.java:230)
org.testng.internal.invokers.MethodRunner.runInSequence(MethodRunner.java:63)
org.testng.internal.invokers.TestInvoker$MethodInvocationAgent.invoke(TestInvoker.java:995)
org.testng.internal.invokers.TestInvoker.invokeTestMethods(TestInvoker.java:203)
org.testng.internal.invokers.TestMethodWorker.invokeTestMethods(TestMethodWorker.java:154)
org.testng.internal.invokers.TestMethodWorker.run(TestMethodWorker.java:134)
java.base/java.util.concurrent.Executors$RunnableAdapter.call(Executors.java:572)
java.base/java.util.concurrent.FutureTask.run(FutureTask.java:317)
org.testng.internal.thread.graph.TestNGFutureTask.run(TestNGFutureTask.java:22)
java.base/java.util.concurrent.ThreadPoolExecutor.runWorker(ThreadPoolExecutor.java:1144)
java.base/java.util.concurrent.ThreadPoolExecutor$Worker.run(ThreadPoolExecutor.java:642)
java.base/java.lang.Thread.run(Thread.java:1583)
Test Failed: searchProductsAndVerifyCartAfterLogin - com.JodaynDemo.tests.TC20_ProductSearchAndCartValidationAfterLogin
Error: org.openqa.selenium.NoSuchElementException: no such element: Unable to locate element: {"method":"css selector","selector":"a[href='/products']"}
  (Session info: chrome=135.0.7049.115)
For documentation on this error, please visit: https://www.selenium.dev/documentation/webdriver/troubleshooting/errors#no-such-element-exception
Build info: version: '4.31.0', revision: '1ef9f18787*'
System info: os.name: 'Windows 10', os.arch: 'amd64', os.version: '10.0', java.version: '21.0.6'
Driver info: org.openqa.selenium.chrome.ChromeDriver
Command: [2c2df33e789b490ca5ea0fd1b59b201a, findElement {using=css selector, value=a[href='/products']}]
Capabilities {acceptInsecureCerts: false, browserName: chrome, browserVersion: 135.0.7049.115, chrome: {chromedriverVersion: 135.0.7049.114 (63fd8a7d9d0..., userDataDir: C:\Users\hydroweb\AppData\L...}, fedcm:accounts: true, goog:chromeOptions: {debuggerAddress: localhost:54180}, networkConnectionEnabled: false, pageLoadStrategy: normal, platformName: windows, proxy: Proxy(), se:cdp: ws://localhost:54180/devtoo..., se:cdpVersion: 135.0.7049.115, setWindowRect: true, strictFileInteractability: false, timeouts: {implicit: 0, pageLoad: 300000, script: 30000}, unhandledPromptBehavior: dismiss and notify, webauthn:extension:credBlob: true, webauthn:extension:largeBlob: true, webauthn:extension:minPinLength: true, webauthn:extension:prf: true, webauthn:virtualAuthenticators: true}
Session ID: 2c2df33e789b490ca5ea0fd1b59b201a
java.base/jdk.internal.reflect.DirectConstructorHandleAccessor.newInstance(DirectConstructorHandleAccessor.java:62)
java.base/java.lang.reflect.Constructor.newInstanceWithCaller(Constructor.java:502)
java.base/java.lang.reflect.Constructor.newInstance(Constructor.java:486)
org.openqa.selenium.remote.ErrorCodec.decode(ErrorCodec.java:167)
org.openqa.selenium.remote.codec.w3c.W3CHttpResponseCodec.decode(W3CHttpResponseCodec.java:138)
org.openqa.selenium.remote.codec.w3c.W3CHttpResponseCodec.decode(W3CHttpResponseCodec.java:50)
org.openqa.selenium.remote.HttpCommandExecutor.execute(HttpCommandExecutor.java:215)
org.openqa.selenium.remote.service.DriverCommandExecutor.invokeExecute(DriverCommandExecutor.java:216)
org.openqa.selenium.remote.service.DriverCommandExecutor.execute(DriverCommandExecutor.java:174)
org.openqa.selenium.remote.RemoteWebDriver.execute(RemoteWebDriver.java:545)
org.openqa.selenium.remote.ElementLocation$ElementFinder$2.findElement(ElementLocation.java:165)
org.openqa.selenium.remote.ElementLocation.findElement(ElementLocation.java:59)
org.openqa.selenium.remote.RemoteWebDriver.findElement(RemoteWebDriver.java:368)
org.openqa.selenium.remote.RemoteWebDriver.findElement(RemoteWebDriver.java:362)
com.JodaynDemo.pages.Home.productsButton(Home.java:34)
com.JodaynDemo.pages.Home.productsButtonClick(Home.java:121)
com.JodaynDemo.tests.TC8_ProductAndProductDetailsValidation.verifyUserIsNavigatedToAllProductsPageSuccessfully(TC8_ProductAndProductDetailsValidation.java:37)
com.JodaynDemo.tests.TC20_ProductSearchAndCartValidationAfterLogin.searchProductsAndVerifyCartAfterLogin(TC20_ProductSearchAndCartValidationAfterLogin.java:39)
java.base/jdk.internal.reflect.DirectMethodHandleAccessor.invoke(DirectMethodHandleAccessor.java:103)
java.base/java.lang.reflect.Method.invoke(Method.java:580)
org.testng.internal.invokers.MethodInvocationHelper.invokeMethod(MethodInvocationHelper.java:141)
org.testng.internal.invokers.TestInvoker.invokeMethod(TestInvoker.java:687)
org.testng.internal.invokers.TestInvoker.invokeTestMethod(TestInvoker.java:230)
org.testng.internal.invokers.MethodRunner.runInSequence(MethodRunner.java:63)
org.testng.internal.invokers.TestInvoker$MethodInvocationAgent.invoke(TestInvoker.java:995)
org.testng.internal.invokers.TestInvoker.invokeTestMethods(TestInvoker.java:203)
org.testng.internal.invokers.TestMethodWorker.invokeTestMethods(TestMethodWorker.java:154)
org.testng.internal.invokers.TestMethodWorker.run(TestMethodWorker.java:134)
java.base/java.util.concurrent.Executors$RunnableAdapter.call(Executors.java:572)
java.base/java.util.concurrent.FutureTask.run(FutureTask.java:317)
org.testng.internal.thread.graph.TestNGFutureTask.run(TestNGFutureTask.java:22)
java.base/java.util.concurrent.ThreadPoolExecutor.runWorker(ThreadPoolExecutor.java:1144)
java.base/java.util.concurrent.ThreadPoolExecutor$Worker.run(ThreadPoolExecutor.java:642)
java.base/java.lang.Thread.run(Thread.java:1583)
Test Failed: verifyScrollUpUsingArrowButtonAndScrollDownFunctionality - com.JodaynDemo.tests.TC25_ScrollUpandScrollDown
Error: org.openqa.selenium.NoSuchElementException: no such element: Unable to locate element: {"method":"css selector","selector":"div.item.active img[alt='demo website for practice']"}
  (Session info: chrome=135.0.7049.115)
For documentation on this error, please visit: https://www.selenium.dev/documentation/webdriver/troubleshooting/errors#no-such-element-exception
Build info: version: '4.31.0', revision: '1ef9f18787*'
System info: os.name: 'Windows 10', os.arch: 'amd64', os.version: '10.0', java.version: '21.0.6'
Driver info: org.openqa.selenium.chrome.ChromeDriver
Command: [2c64759cc9d18ee83de347f292f7d3bc, findElement {using=css selector, value=div.item.active img[alt='demo website for practice']}]
Capabilities {acceptInsecureCerts: false, browserName: chrome, browserVersion: 135.0.7049.115, chrome: {chromedriverVersion: 135.0.7049.114 (63fd8a7d9d0..., userDataDir: C:\Users\hydroweb\AppData\L...}, fedcm:accounts: true, goog:chromeOptions: {debuggerAddress: localhost:54199}, networkConnectionEnabled: false, pageLoadStrategy: normal, platformName: windows, proxy: Proxy(), se:cdp: ws://localhost:54199/devtoo..., se:cdpVersion: 135.0.7049.115, setWindowRect: true, strictFileInteractability: false, timeouts: {implicit: 0, pageLoad: 300000, script: 30000}, unhandledPromptBehavior: dismiss and notify, webauthn:extension:credBlob: true, webauthn:extension:largeBlob: true, webauthn:extension:minPinLength: true, webauthn:extension:prf: true, webauthn:virtualAuthenticators: true}
Session ID: 2c64759cc9d18ee83de347f292f7d3bc
java.base/jdk.internal.reflect.DirectConstructorHandleAccessor.newInstance(DirectConstructorHandleAccessor.java:62)
java.base/java.lang.reflect.Constructor.newInstanceWithCaller(Constructor.java:502)
java.base/java.lang.reflect.Constructor.newInstance(Constructor.java:486)
org.openqa.selenium.remote.ErrorCodec.decode(ErrorCodec.java:167)
org.openqa.selenium.remote.codec.w3c.W3CHttpResponseCodec.decode(W3CHttpResponseCodec.java:138)
org.openqa.selenium.remote.codec.w3c.W3CHttpResponseCodec.decode(W3CHttpResponseCodec.java:50)
org.openqa.selenium.remote.HttpCommandExecutor.execute(HttpCommandExecutor.java:215)
org.openqa.selenium.remote.service.DriverCommandExecutor.invokeExecute(DriverCommandExecutor.java:216)
org.openqa.selenium.remote.service.DriverCommandExecutor.execute(DriverCommandExecutor.java:174)
org.openqa.selenium.remote.RemoteWebDriver.execute(RemoteWebDriver.java:545)
org.openqa.selenium.remote.ElementLocation$ElementFinder$2.findElement(ElementLocation.java:165)
org.openqa.selenium.remote.ElementLocation.findElement(ElementLocation.java:59)
org.openqa.selenium.remote.RemoteWebDriver.findElement(RemoteWebDriver.java:368)
org.openqa.selenium.remote.RemoteWebDriver.findElement(RemoteWebDriver.java:362)
com.JodaynDemo.pages.Home.girlImgResponsive(Home.java:18)
com.JodaynDemo.pages.Home.homePageIsVisible(Home.java:102)
com.JodaynDemo.tests.TC1_UserRegistration.verifyThatHomePageIsVisibleSuccessfully(TC1_UserRegistration.java:53)
com.JodaynDemo.tests.TC25_ScrollUpandScrollDown.verifyScrollUpUsingArrowButtonAndScrollDownFunctionality(TC25_ScrollUpandScrollDown.java:25)
java.base/jdk.internal.reflect.DirectMethodHandleAccessor.invoke(DirectMethodHandleAccessor.java:103)
java.base/java.lang.reflect.Method.invoke(Method.java:580)
org.testng.internal.invokers.MethodInvocationHelper.invokeMethod(MethodInvocationHelper.java:141)
org.testng.internal.invokers.TestInvoker.invokeMethod(TestInvoker.java:687)
org.testng.internal.invokers.TestInvoker.invokeTestMethod(TestInvoker.java:230)
org.testng.internal.invokers.MethodRunner.runInSequence(MethodRunner.java:63)
org.testng.internal.invokers.TestInvoker$MethodInvocationAgent.invoke(TestInvoker.java:995)
org.testng.internal.invokers.TestInvoker.invokeTestMethods(TestInvoker.java:203)
org.testng.internal.invokers.TestMethodWorker.invokeTestMethods(TestMethodWorker.java:154)
org.testng.internal.invokers.TestMethodWorker.run(TestMethodWorker.java:134)
java.base/java.util.concurrent.Executors$RunnableAdapter.call(Executors.java:572)
java.base/java.util.concurrent.FutureTask.run(FutureTask.java:317)
org.testng.internal.thread.graph.TestNGFutureTask.run(TestNGFutureTask.java:22)
java.base/java.util.concurrent.ThreadPoolExecutor.runWorker(ThreadPoolExecutor.java:1144)
java.base/java.util.concurrent.ThreadPoolExecutor$Worker.run(ThreadPoolExecutor.java:642)
java.base/java.lang.Thread.run(Thread.java:1583)
Test Failed: verifyScrollUpUsingArrowButtonAndScrollDownFunctionality - com.JodaynDemo.tests.TC25_ScrollUpandScrollDown
Error: java.lang.ClassCastException: class java.lang.Long cannot be cast to class java.lang.Double (java.lang.Long and java.lang.Double are in module java.base of loader 'bootstrap')
com.JodaynDemo.tests.TC25_ScrollUpandScrollDown.verifyThatPageIsScrolledUpAndFullFledgedPracticeWebsiteForAutomationEngineersTextIsVisibleOnScreen(TC25_ScrollUpandScrollDown.java:47)
com.JodaynDemo.tests.TC25_ScrollUpandScrollDown.verifyScrollUpUsingArrowButtonAndScrollDownFunctionality(TC25_ScrollUpandScrollDown.java:27)
java.base/jdk.internal.reflect.DirectMethodHandleAccessor.invoke(DirectMethodHandleAccessor.java:103)
java.base/java.lang.reflect.Method.invoke(Method.java:580)
org.testng.internal.invokers.MethodInvocationHelper.invokeMethod(MethodInvocationHelper.java:141)
org.testng.internal.invokers.TestInvoker.invokeMethod(TestInvoker.java:687)
org.testng.internal.invokers.TestInvoker.invokeTestMethod(TestInvoker.java:230)
org.testng.internal.invokers.MethodRunner.runInSequence(MethodRunner.java:63)
org.testng.internal.invokers.TestInvoker$MethodInvocationAgent.invoke(TestInvoker.java:995)
org.testng.internal.invokers.TestInvoker.invokeTestMethods(TestInvoker.java:203)
org.testng.internal.invokers.TestMethodWorker.invokeTestMethods(TestMethodWorker.java:154)
org.testng.internal.invokers.TestMethodWorker.run(TestMethodWorker.java:134)
java.base/java.util.concurrent.Executors$RunnableAdapter.call(Executors.java:572)
java.base/java.util.concurrent.FutureTask.run(FutureTask.java:317)
org.testng.internal.thread.graph.TestNGFutureTask.run(TestNGFutureTask.java:22)
java.base/java.util.concurrent.ThreadPoolExecutor.runWorker(ThreadPoolExecutor.java:1144)
java.base/java.util.concurrent.ThreadPoolExecutor$Worker.run(ThreadPoolExecutor.java:642)
java.base/java.lang.Thread.run(Thread.java:1583)
Test Failed: searchProductsAndVerifyCartAfterLogin - com.JodaynDemo.tests.TC20_ProductSearchAndCartValidationAfterLogin
Error: java.lang.AssertionError: Verify that products are visible in cart expected [Blue Cotton Indie Mickey Dress] but found [Blue  Cotton Indie Mickey  Dress]
org.testng.Assert.fail(Assert.java:111)
org.testng.Assert.failNotEquals(Assert.java:1590)
org.testng.Assert.assertEqualsImpl(Assert.java:150)
org.testng.Assert.assertEquals(Assert.java:132)
org.testng.Assert.assertEquals(Assert.java:656)
com.JodaynDemo.tests.TC20_ProductSearchAndCartValidationAfterLogin.clickCartButtonAndVerifyThatProductsAreVisibleInCart(TC20_ProductSearchAndCartValidationAfterLogin.java:57)
com.JodaynDemo.tests.TC20_ProductSearchAndCartValidationAfterLogin.searchProductsAndVerifyCartAfterLogin(TC20_ProductSearchAndCartValidationAfterLogin.java:43)
java.base/jdk.internal.reflect.DirectMethodHandleAccessor.invoke(DirectMethodHandleAccessor.java:103)
java.base/java.lang.reflect.Method.invoke(Method.java:580)
org.testng.internal.invokers.MethodInvocationHelper.invokeMethod(MethodInvocationHelper.java:141)
org.testng.internal.invokers.TestInvoker.invokeMethod(TestInvoker.java:687)
org.testng.internal.invokers.TestInvoker.invokeTestMethod(TestInvoker.java:230)
org.testng.internal.invokers.MethodRunner.runInSequence(MethodRunner.java:63)
org.testng.internal.invokers.TestInvoker$MethodInvocationAgent.invoke(TestInvoker.java:995)
org.testng.internal.invokers.TestInvoker.invokeTestMethods(TestInvoker.java:203)
org.testng.internal.invokers.TestMethodWorker.invokeTestMethods(TestMethodWorker.java:154)
org.testng.internal.invokers.TestMethodWorker.run(TestMethodWorker.java:134)
java.base/java.util.concurrent.Executors$RunnableAdapter.call(Executors.java:572)
java.base/java.util.concurrent.FutureTask.run(FutureTask.java:317)
org.testng.internal.thread.graph.TestNGFutureTask.run(TestNGFutureTask.java:22)
java.base/java.util.concurrent.ThreadPoolExecutor.runWorker(ThreadPoolExecutor.java:1144)
java.base/java.util.concurrent.ThreadPoolExecutor$Worker.run(ThreadPoolExecutor.java:642)
java.base/java.lang.Thread.run(Thread.java:1583)
Test Failed: verifyScrollUpUsingArrowButtonAndScrollDownFunctionality - com.JodaynDemo.tests.TC25_ScrollUpandScrollDown
Error: java.lang.ClassCastException: class java.lang.Long cannot be cast to class java.lang.Double (java.lang.Long and java.lang.Double are in module java.base of loader 'bootstrap')
com.JodaynDemo.tests.TC25_ScrollUpandScrollDown.verifyThatPageIsScrolledUpAndFullFledgedPracticeWebsiteForAutomationEngineersTextIsVisibleOnScreen(TC25_ScrollUpandScrollDown.java:47)
com.JodaynDemo.tests.TC25_ScrollUpandScrollDown.verifyScrollUpUsingArrowButtonAndScrollDownFunctionality(TC25_ScrollUpandScrollDown.java:27)
java.base/jdk.internal.reflect.DirectMethodHandleAccessor.invoke(DirectMethodHandleAccessor.java:103)
java.base/java.lang.reflect.Method.invoke(Method.java:580)
org.testng.internal.invokers.MethodInvocationHelper.invokeMethod(MethodInvocationHelper.java:141)
org.testng.internal.invokers.TestInvoker.invokeMethod(TestInvoker.java:687)
org.testng.internal.invokers.TestInvoker.invokeTestMethod(TestInvoker.java:230)
org.testng.internal.invokers.MethodRunner.runInSequence(MethodRunner.java:63)
org.testng.internal.invokers.TestInvoker$MethodInvocationAgent.invoke(TestInvoker.java:995)
org.testng.internal.invokers.TestInvoker.invokeTestMethods(TestInvoker.java:203)
org.testng.internal.invokers.TestMethodWorker.invokeTestMethods(TestMethodWorker.java:154)
org.testng.internal.invokers.TestMethodWorker.run(TestMethodWorker.java:134)
java.base/java.util.concurrent.Executors$RunnableAdapter.call(Executors.java:572)
java.base/java.util.concurrent.FutureTask.run(FutureTask.java:317)
org.testng.internal.thread.graph.TestNGFutureTask.run(TestNGFutureTask.java:22)
java.base/java.util.concurrent.ThreadPoolExecutor.runWorker(ThreadPoolExecutor.java:1144)
java.base/java.util.concurrent.ThreadPoolExecutor$Worker.run(ThreadPoolExecutor.java:642)
java.base/java.lang.Thread.run(Thread.java:1583)
Test Failed: searchProductsAndVerifyCartAfterLogin - com.JodaynDemo.tests.TC20_ProductSearchAndCartValidationAfterLogin
Error: java.lang.AssertionError: Verify that products are visible in cart expected [Blue Cotton Indie Mickey Dress] but found [Blue  Cotton Indie Mickey  Dress]
org.testng.Assert.fail(Assert.java:111)
org.testng.Assert.failNotEquals(Assert.java:1590)
org.testng.Assert.assertEqualsImpl(Assert.java:150)
org.testng.Assert.assertEquals(Assert.java:132)
org.testng.Assert.assertEquals(Assert.java:656)
com.JodaynDemo.tests.TC20_ProductSearchAndCartValidationAfterLogin.clickCartButtonAndVerifyThatProductsAreVisibleInCart(TC20_ProductSearchAndCartValidationAfterLogin.java:57)
com.JodaynDemo.tests.TC20_ProductSearchAndCartValidationAfterLogin.searchProductsAndVerifyCartAfterLogin(TC20_ProductSearchAndCartValidationAfterLogin.java:43)
java.base/jdk.internal.reflect.DirectMethodHandleAccessor.invoke(DirectMethodHandleAccessor.java:103)
java.base/java.lang.reflect.Method.invoke(Method.java:580)
org.testng.internal.invokers.MethodInvocationHelper.invokeMethod(MethodInvocationHelper.java:141)
org.testng.internal.invokers.TestInvoker.invokeMethod(TestInvoker.java:687)
org.testng.internal.invokers.TestInvoker.invokeTestMethod(TestInvoker.java:230)
org.testng.internal.invokers.MethodRunner.runInSequence(MethodRunner.java:63)
org.testng.internal.invokers.TestInvoker$MethodInvocationAgent.invoke(TestInvoker.java:995)
org.testng.internal.invokers.TestInvoker.invokeTestMethods(TestInvoker.java:203)
org.testng.internal.invokers.TestMethodWorker.invokeTestMethods(TestMethodWorker.java:154)
org.testng.internal.invokers.TestMethodWorker.run(TestMethodWorker.java:134)
java.base/java.util.concurrent.Executors$RunnableAdapter.call(Executors.java:572)
java.base/java.util.concurrent.FutureTask.run(FutureTask.java:317)
org.testng.internal.thread.graph.TestNGFutureTask.run(TestNGFutureTask.java:22)
java.base/java.util.concurrent.ThreadPoolExecutor.runWorker(ThreadPoolExecutor.java:1144)
java.base/java.util.concurrent.ThreadPoolExecutor$Worker.run(ThreadPoolExecutor.java:642)
java.base/java.lang.Thread.run(Thread.java:1583)
Test Failed: searchProductsAndVerifyCartAfterLogin - com.JodaynDemo.tests.TC20_ProductSearchAndCartValidationAfterLogin
Error: java.lang.AssertionError: Verify that products are visible in cart expected [Blue  Cotton Indie Mickey  Dress] but found [Blue Top]
org.testng.Assert.fail(Assert.java:111)
org.testng.Assert.failNotEquals(Assert.java:1590)
org.testng.Assert.assertEqualsImpl(Assert.java:150)
org.testng.Assert.assertEquals(Assert.java:132)
org.testng.Assert.assertEquals(Assert.java:656)
com.JodaynDemo.tests.TC20_ProductSearchAndCartValidationAfterLogin.clickCartButtonAndVerifyThatProductsAreVisibleInCart(TC20_ProductSearchAndCartValidationAfterLogin.java:57)
com.JodaynDemo.tests.TC20_ProductSearchAndCartValidationAfterLogin.searchProductsAndVerifyCartAfterLogin(TC20_ProductSearchAndCartValidationAfterLogin.java:43)
java.base/jdk.internal.reflect.DirectMethodHandleAccessor.invoke(DirectMethodHandleAccessor.java:103)
java.base/java.lang.reflect.Method.invoke(Method.java:580)
org.testng.internal.invokers.MethodInvocationHelper.invokeMethod(MethodInvocationHelper.java:141)
org.testng.internal.invokers.TestInvoker.invokeMethod(TestInvoker.java:687)
org.testng.internal.invokers.TestInvoker.invokeTestMethod(TestInvoker.java:230)
org.testng.internal.invokers.MethodRunner.runInSequence(MethodRunner.java:63)
org.testng.internal.invokers.TestInvoker$MethodInvocationAgent.invoke(TestInvoker.java:995)
org.testng.internal.invokers.TestInvoker.invokeTestMethods(TestInvoker.java:203)
org.testng.internal.invokers.TestMethodWorker.invokeTestMethods(TestMethodWorker.java:154)
org.testng.internal.invokers.TestMethodWorker.run(TestMethodWorker.java:134)
java.base/java.util.concurrent.Executors$RunnableAdapter.call(Executors.java:572)
java.base/java.util.concurrent.FutureTask.run(FutureTask.java:317)
org.testng.internal.thread.graph.TestNGFutureTask.run(TestNGFutureTask.java:22)
java.base/java.util.concurrent.ThreadPoolExecutor.runWorker(ThreadPoolExecutor.java:1144)
java.base/java.util.concurrent.ThreadPoolExecutor$Worker.run(ThreadPoolExecutor.java:642)
java.base/java.lang.Thread.run(Thread.java:1583)
Test Failed: searchProductsAndVerifyCartAfterLogin - com.JodaynDemo.tests.TC20_ProductSearchAndCartValidationAfterLogin
Error: java.lang.AssertionError: Verify that products are visible in cart expected [Blue  Cotton] but found [Blue Top]
org.testng.Assert.fail(Assert.java:111)
org.testng.Assert.failNotEquals(Assert.java:1590)
org.testng.Assert.assertEqualsImpl(Assert.java:150)
org.testng.Assert.assertEquals(Assert.java:132)
org.testng.Assert.assertEquals(Assert.java:656)
com.JodaynDemo.tests.TC20_ProductSearchAndCartValidationAfterLogin.clickCartButtonAndVerifyThatProductsAreVisibleInCart(TC20_ProductSearchAndCartValidationAfterLogin.java:57)
com.JodaynDemo.tests.TC20_ProductSearchAndCartValidationAfterLogin.searchProductsAndVerifyCartAfterLogin(TC20_ProductSearchAndCartValidationAfterLogin.java:43)
java.base/jdk.internal.reflect.DirectMethodHandleAccessor.invoke(DirectMethodHandleAccessor.java:103)
java.base/java.lang.reflect.Method.invoke(Method.java:580)
org.testng.internal.invokers.MethodInvocationHelper.invokeMethod(MethodInvocationHelper.java:141)
org.testng.internal.invokers.TestInvoker.invokeMethod(TestInvoker.java:687)
org.testng.internal.invokers.TestInvoker.invokeTestMethod(TestInvoker.java:230)
org.testng.internal.invokers.MethodRunner.runInSequence(MethodRunner.java:63)
org.testng.internal.invokers.TestInvoker$MethodInvocationAgent.invoke(TestInvoker.java:995)
org.testng.internal.invokers.TestInvoker.invokeTestMethods(TestInvoker.java:203)
org.testng.internal.invokers.TestMethodWorker.invokeTestMethods(TestMethodWorker.java:154)
org.testng.internal.invokers.TestMethodWorker.run(TestMethodWorker.java:134)
java.base/java.util.concurrent.Executors$RunnableAdapter.call(Executors.java:572)
java.base/java.util.concurrent.FutureTask.run(FutureTask.java:317)
org.testng.internal.thread.graph.TestNGFutureTask.run(TestNGFutureTask.java:22)
java.base/java.util.concurrent.ThreadPoolExecutor.runWorker(ThreadPoolExecutor.java:1144)
java.base/java.util.concurrent.ThreadPoolExecutor$Worker.run(ThreadPoolExecutor.java:642)
java.base/java.lang.Thread.run(Thread.java:1583)
Test Failed: searchProductsAndVerifyCartAfterLogin - com.JodaynDemo.tests.TC20_ProductSearchAndCartValidationAfterLogin
Error: java.lang.AssertionError: Verify that products are visible in cart expected [Blue Top] but found [Sleeves Top and Short - Blue & Pink]
org.testng.Assert.fail(Assert.java:111)
org.testng.Assert.failNotEquals(Assert.java:1590)
org.testng.Assert.assertEqualsImpl(Assert.java:150)
org.testng.Assert.assertEquals(Assert.java:132)
org.testng.Assert.assertEquals(Assert.java:656)
com.JodaynDemo.tests.TC20_ProductSearchAndCartValidationAfterLogin.clickCartButtonAndVerifyThatProductsAreVisibleInCart(TC20_ProductSearchAndCartValidationAfterLogin.java:57)
com.JodaynDemo.tests.TC20_ProductSearchAndCartValidationAfterLogin.searchProductsAndVerifyCartAfterLogin(TC20_ProductSearchAndCartValidationAfterLogin.java:43)
java.base/jdk.internal.reflect.DirectMethodHandleAccessor.invoke(DirectMethodHandleAccessor.java:103)
java.base/java.lang.reflect.Method.invoke(Method.java:580)
org.testng.internal.invokers.MethodInvocationHelper.invokeMethod(MethodInvocationHelper.java:141)
org.testng.internal.invokers.TestInvoker.invokeMethod(TestInvoker.java:687)
org.testng.internal.invokers.TestInvoker.invokeTestMethod(TestInvoker.java:230)
org.testng.internal.invokers.MethodRunner.runInSequence(MethodRunner.java:63)
org.testng.internal.invokers.TestInvoker$MethodInvocationAgent.invoke(TestInvoker.java:995)
org.testng.internal.invokers.TestInvoker.invokeTestMethods(TestInvoker.java:203)
org.testng.internal.invokers.TestMethodWorker.invokeTestMethods(TestMethodWorker.java:154)
org.testng.internal.invokers.TestMethodWorker.run(TestMethodWorker.java:134)
java.base/java.util.concurrent.Executors$RunnableAdapter.call(Executors.java:572)
java.base/java.util.concurrent.FutureTask.run(FutureTask.java:317)
org.testng.internal.thread.graph.TestNGFutureTask.run(TestNGFutureTask.java:22)
java.base/java.util.concurrent.ThreadPoolExecutor.runWorker(ThreadPoolExecutor.java:1144)
java.base/java.util.concurrent.ThreadPoolExecutor$Worker.run(ThreadPoolExecutor.java:642)
java.base/java.lang.Thread.run(Thread.java:1583)
Test Failed: searchProductsAndVerifyCartAfterLogin - com.JodaynDemo.tests.TC20_ProductSearchAndCartValidationAfterLogin
Error: java.lang.AssertionError: Verify that products are visible in cart expected [Blue Top] but found [Sleeves Top and Short - Blue & Pink]
org.testng.Assert.fail(Assert.java:111)
org.testng.Assert.failNotEquals(Assert.java:1590)
org.testng.Assert.assertEqualsImpl(Assert.java:150)
org.testng.Assert.assertEquals(Assert.java:132)
org.testng.Assert.assertEquals(Assert.java:656)
com.JodaynDemo.tests.TC20_ProductSearchAndCartValidationAfterLogin.clickCartButtonAndVerifyThatProductsAreVisibleInCart(TC20_ProductSearchAndCartValidationAfterLogin.java:57)
com.JodaynDemo.tests.TC20_ProductSearchAndCartValidationAfterLogin.searchProductsAndVerifyCartAfterLogin(TC20_ProductSearchAndCartValidationAfterLogin.java:43)
java.base/jdk.internal.reflect.DirectMethodHandleAccessor.invoke(DirectMethodHandleAccessor.java:103)
java.base/java.lang.reflect.Method.invoke(Method.java:580)
org.testng.internal.invokers.MethodInvocationHelper.invokeMethod(MethodInvocationHelper.java:141)
org.testng.internal.invokers.TestInvoker.invokeMethod(TestInvoker.java:687)
org.testng.internal.invokers.TestInvoker.invokeTestMethod(TestInvoker.java:230)
org.testng.internal.invokers.MethodRunner.runInSequence(MethodRunner.java:63)
org.testng.internal.invokers.TestInvoker$MethodInvocationAgent.invoke(TestInvoker.java:995)
org.testng.internal.invokers.TestInvoker.invokeTestMethods(TestInvoker.java:203)
org.testng.internal.invokers.TestMethodWorker.invokeTestMethods(TestMethodWorker.java:154)
org.testng.internal.invokers.TestMethodWorker.run(TestMethodWorker.java:134)
java.base/java.util.concurrent.Executors$RunnableAdapter.call(Executors.java:572)
java.base/java.util.concurrent.FutureTask.run(FutureTask.java:317)
org.testng.internal.thread.graph.TestNGFutureTask.run(TestNGFutureTask.java:22)
java.base/java.util.concurrent.ThreadPoolExecutor.runWorker(ThreadPoolExecutor.java:1144)
java.base/java.util.concurrent.ThreadPoolExecutor$Worker.run(ThreadPoolExecutor.java:642)
java.base/java.lang.Thread.run(Thread.java:1583)
Test Failed: searchProductsAndVerifyCartAfterLogin - com.JodaynDemo.tests.TC20_ProductSearchAndCartValidationAfterLogin
Error: java.lang.AssertionError: Verify that products are visible in cart expected [Sleeves Top and Short - Blue & Pink] but found [Blue Top]
org.testng.Assert.fail(Assert.java:111)
org.testng.Assert.failNotEquals(Assert.java:1590)
org.testng.Assert.assertEqualsImpl(Assert.java:150)
org.testng.Assert.assertEquals(Assert.java:132)
org.testng.Assert.assertEquals(Assert.java:656)
com.JodaynDemo.tests.TC20_ProductSearchAndCartValidationAfterLogin.clickCartButtonAndVerifyThatProductsAreVisibleInCart(TC20_ProductSearchAndCartValidationAfterLogin.java:57)
com.JodaynDemo.tests.TC20_ProductSearchAndCartValidationAfterLogin.searchProductsAndVerifyCartAfterLogin(TC20_ProductSearchAndCartValidationAfterLogin.java:43)
java.base/jdk.internal.reflect.DirectMethodHandleAccessor.invoke(DirectMethodHandleAccessor.java:103)
java.base/java.lang.reflect.Method.invoke(Method.java:580)
org.testng.internal.invokers.MethodInvocationHelper.invokeMethod(MethodInvocationHelper.java:141)
org.testng.internal.invokers.TestInvoker.invokeMethod(TestInvoker.java:687)
org.testng.internal.invokers.TestInvoker.invokeTestMethod(TestInvoker.java:230)
org.testng.internal.invokers.MethodRunner.runInSequence(MethodRunner.java:63)
org.testng.internal.invokers.TestInvoker$MethodInvocationAgent.invoke(TestInvoker.java:995)
org.testng.internal.invokers.TestInvoker.invokeTestMethods(TestInvoker.java:203)
org.testng.internal.invokers.TestMethodWorker.invokeTestMethods(TestMethodWorker.java:154)
org.testng.internal.invokers.TestMethodWorker.run(TestMethodWorker.java:134)
java.base/java.util.concurrent.Executors$RunnableAdapter.call(Executors.java:572)
java.base/java.util.concurrent.FutureTask.run(FutureTask.java:317)
org.testng.internal.thread.graph.TestNGFutureTask.run(TestNGFutureTask.java:22)
java.base/java.util.concurrent.ThreadPoolExecutor.runWorker(ThreadPoolExecutor.java:1144)
java.base/java.util.concurrent.ThreadPoolExecutor$Worker.run(ThreadPoolExecutor.java:642)
java.base/java.lang.Thread.run(Thread.java:1583)
Test Failed: searchProductsAndVerifyCartAfterLogin - com.JodaynDemo.tests.TC20_ProductSearchAndCartValidationAfterLogin
Error: java.lang.AssertionError: Verify that products are visible in cart expected [Sleeves Top and Short - Blue & Pink] but found [Blue Top]
org.testng.Assert.fail(Assert.java:111)
org.testng.Assert.failNotEquals(Assert.java:1590)
org.testng.Assert.assertEqualsImpl(Assert.java:150)
org.testng.Assert.assertEquals(Assert.java:132)
org.testng.Assert.assertEquals(Assert.java:656)
com.JodaynDemo.tests.TC20_ProductSearchAndCartValidationAfterLogin.clickCartButtonAndVerifyThatProductsAreVisibleInCart(TC20_ProductSearchAndCartValidationAfterLogin.java:57)
com.JodaynDemo.tests.TC20_ProductSearchAndCartValidationAfterLogin.searchProductsAndVerifyCartAfterLogin(TC20_ProductSearchAndCartValidationAfterLogin.java:43)
java.base/jdk.internal.reflect.DirectMethodHandleAccessor.invoke(DirectMethodHandleAccessor.java:103)
java.base/java.lang.reflect.Method.invoke(Method.java:580)
org.testng.internal.invokers.MethodInvocationHelper.invokeMethod(MethodInvocationHelper.java:141)
org.testng.internal.invokers.TestInvoker.invokeMethod(TestInvoker.java:687)
org.testng.internal.invokers.TestInvoker.invokeTestMethod(TestInvoker.java:230)
org.testng.internal.invokers.MethodRunner.runInSequence(MethodRunner.java:63)
org.testng.internal.invokers.TestInvoker$MethodInvocationAgent.invoke(TestInvoker.java:995)
org.testng.internal.invokers.TestInvoker.invokeTestMethods(TestInvoker.java:203)
org.testng.internal.invokers.TestMethodWorker.invokeTestMethods(TestMethodWorker.java:154)
org.testng.internal.invokers.TestMethodWorker.run(TestMethodWorker.java:134)
java.base/java.util.concurrent.Executors$RunnableAdapter.call(Executors.java:572)
java.base/java.util.concurrent.FutureTask.run(FutureTask.java:317)
org.testng.internal.thread.graph.TestNGFutureTask.run(TestNGFutureTask.java:22)
java.base/java.util.concurrent.ThreadPoolExecutor.runWorker(ThreadPoolExecutor.java:1144)
java.base/java.util.concurrent.ThreadPoolExecutor$Worker.run(ThreadPoolExecutor.java:642)
java.base/java.lang.Thread.run(Thread.java:1583)
Test Failed: searchProductsAndVerifyCartAfterLogin - com.JodaynDemo.tests.TC20_ProductSearchAndCartValidationAfterLogin
Error: java.lang.AssertionError: Verify that products are visible in cart expected [Sleeves Top and Short - Blue & Pink] but found [Blue Top]
org.testng.Assert.fail(Assert.java:111)
org.testng.Assert.failNotEquals(Assert.java:1590)
org.testng.Assert.assertEqualsImpl(Assert.java:150)
org.testng.Assert.assertEquals(Assert.java:132)
org.testng.Assert.assertEquals(Assert.java:656)
com.JodaynDemo.tests.TC20_ProductSearchAndCartValidationAfterLogin.clickCartButtonAndVerifyThatProductsAreVisibleInCart(TC20_ProductSearchAndCartValidationAfterLogin.java:57)
com.JodaynDemo.tests.TC20_ProductSearchAndCartValidationAfterLogin.searchProductsAndVerifyCartAfterLogin(TC20_ProductSearchAndCartValidationAfterLogin.java:43)
java.base/jdk.internal.reflect.DirectMethodHandleAccessor.invoke(DirectMethodHandleAccessor.java:103)
java.base/java.lang.reflect.Method.invoke(Method.java:580)
org.testng.internal.invokers.MethodInvocationHelper.invokeMethod(MethodInvocationHelper.java:141)
org.testng.internal.invokers.TestInvoker.invokeMethod(TestInvoker.java:687)
org.testng.internal.invokers.TestInvoker.invokeTestMethod(TestInvoker.java:230)
org.testng.internal.invokers.MethodRunner.runInSequence(MethodRunner.java:63)
org.testng.internal.invokers.TestInvoker$MethodInvocationAgent.invoke(TestInvoker.java:995)
org.testng.internal.invokers.TestInvoker.invokeTestMethods(TestInvoker.java:203)
org.testng.internal.invokers.TestMethodWorker.invokeTestMethods(TestMethodWorker.java:154)
org.testng.internal.invokers.TestMethodWorker.run(TestMethodWorker.java:134)
java.base/java.util.concurrent.Executors$RunnableAdapter.call(Executors.java:572)
java.base/java.util.concurrent.FutureTask.run(FutureTask.java:317)
org.testng.internal.thread.graph.TestNGFutureTask.run(TestNGFutureTask.java:22)
java.base/java.util.concurrent.ThreadPoolExecutor.runWorker(ThreadPoolExecutor.java:1144)
java.base/java.util.concurrent.ThreadPoolExecutor$Worker.run(ThreadPoolExecutor.java:642)
java.base/java.lang.Thread.run(Thread.java:1583)
Test Failed: searchProductsAndVerifyCartAfterLogin - com.JodaynDemo.tests.TC20_ProductSearchAndCartValidationAfterLogin
Error: java.lang.AssertionError: Verify that products are visible in cart expected [Sleeves Top and Short - Blue & Pink] but found [Blue Top]
org.testng.Assert.fail(Assert.java:111)
org.testng.Assert.failNotEquals(Assert.java:1590)
org.testng.Assert.assertEqualsImpl(Assert.java:150)
org.testng.Assert.assertEquals(Assert.java:132)
org.testng.Assert.assertEquals(Assert.java:656)
com.JodaynDemo.tests.TC20_ProductSearchAndCartValidationAfterLogin.clickCartButtonAndVerifyThatProductsAreVisibleInCart(TC20_ProductSearchAndCartValidationAfterLogin.java:56)
com.JodaynDemo.tests.TC20_ProductSearchAndCartValidationAfterLogin.searchProductsAndVerifyCartAfterLogin(TC20_ProductSearchAndCartValidationAfterLogin.java:43)
java.base/jdk.internal.reflect.DirectMethodHandleAccessor.invoke(DirectMethodHandleAccessor.java:103)
java.base/java.lang.reflect.Method.invoke(Method.java:580)
org.testng.internal.invokers.MethodInvocationHelper.invokeMethod(MethodInvocationHelper.java:141)
org.testng.internal.invokers.TestInvoker.invokeMethod(TestInvoker.java:687)
org.testng.internal.invokers.TestInvoker.invokeTestMethod(TestInvoker.java:230)
org.testng.internal.invokers.MethodRunner.runInSequence(MethodRunner.java:63)
org.testng.internal.invokers.TestInvoker$MethodInvocationAgent.invoke(TestInvoker.java:995)
org.testng.internal.invokers.TestInvoker.invokeTestMethods(TestInvoker.java:203)
org.testng.internal.invokers.TestMethodWorker.invokeTestMethods(TestMethodWorker.java:154)
org.testng.internal.invokers.TestMethodWorker.run(TestMethodWorker.java:134)
java.base/java.util.concurrent.Executors$RunnableAdapter.call(Executors.java:572)
java.base/java.util.concurrent.FutureTask.run(FutureTask.java:317)
org.testng.internal.thread.graph.TestNGFutureTask.run(TestNGFutureTask.java:22)
java.base/java.util.concurrent.ThreadPoolExecutor.runWorker(ThreadPoolExecutor.java:1144)
java.base/java.util.concurrent.ThreadPoolExecutor$Worker.run(ThreadPoolExecutor.java:642)
java.base/java.lang.Thread.run(Thread.java:1583)
Test Failed: verifyScrollUpUsingArrowButtonAndScrollDownFunctionality - com.JodaynDemo.tests.TC25_ScrollUpandScrollDown
Error: java.lang.ClassCastException: class java.lang.Long cannot be cast to class java.lang.Double (java.lang.Long and java.lang.Double are in module java.base of loader 'bootstrap')
com.JodaynDemo.tests.TC25_ScrollUpandScrollDown.verifyThatPageIsScrolledUpAndFullFledgedPracticeWebsiteForAutomationEngineersTextIsVisibleOnScreen(TC25_ScrollUpandScrollDown.java:47)
com.JodaynDemo.tests.TC25_ScrollUpandScrollDown.verifyScrollUpUsingArrowButtonAndScrollDownFunctionality(TC25_ScrollUpandScrollDown.java:27)
java.base/jdk.internal.reflect.DirectMethodHandleAccessor.invoke(DirectMethodHandleAccessor.java:103)
java.base/java.lang.reflect.Method.invoke(Method.java:580)
org.testng.internal.invokers.MethodInvocationHelper.invokeMethod(MethodInvocationHelper.java:141)
org.testng.internal.invokers.TestInvoker.invokeMethod(TestInvoker.java:687)
org.testng.internal.invokers.TestInvoker.invokeTestMethod(TestInvoker.java:230)
org.testng.internal.invokers.MethodRunner.runInSequence(MethodRunner.java:63)
org.testng.internal.invokers.TestInvoker$MethodInvocationAgent.invoke(TestInvoker.java:995)
org.testng.internal.invokers.TestInvoker.invokeTestMethods(TestInvoker.java:203)
org.testng.internal.invokers.TestMethodWorker.invokeTestMethods(TestMethodWorker.java:154)
org.testng.internal.invokers.TestMethodWorker.run(TestMethodWorker.java:134)
java.base/java.util.concurrent.Executors$RunnableAdapter.call(Executors.java:572)
java.base/java.util.concurrent.FutureTask.run(FutureTask.java:317)
org.testng.internal.thread.graph.TestNGFutureTask.run(TestNGFutureTask.java:22)
java.base/java.util.concurrent.ThreadPoolExecutor.runWorker(ThreadPoolExecutor.java:1144)
java.base/java.util.concurrent.ThreadPoolExecutor$Worker.run(ThreadPoolExecutor.java:642)
java.base/java.lang.Thread.run(Thread.java:1583)
Test Failed: verifyScrollUpUsingArrowButtonAndScrollDownFunctionality - com.JodaynDemo.tests.TC25_ScrollUpandScrollDown
Error: java.lang.AssertionError: expected object to not be null
org.testng.Assert.fail(Assert.java:111)
org.testng.Assert.assertNotNull(Assert.java:1496)
org.testng.Assert.assertNotNull(Assert.java:1480)
com.JodaynDemo.tests.TC25_ScrollUpandScrollDown.verifyThatPageIsScrolledUpAndFullFledgedPracticeWebsiteForAutomationEngineersTextIsVisibleOnScreen(TC25_ScrollUpandScrollDown.java:49)
com.JodaynDemo.tests.TC25_ScrollUpandScrollDown.verifyScrollUpUsingArrowButtonAndScrollDownFunctionality(TC25_ScrollUpandScrollDown.java:27)
java.base/jdk.internal.reflect.DirectMethodHandleAccessor.invoke(DirectMethodHandleAccessor.java:103)
java.base/java.lang.reflect.Method.invoke(Method.java:580)
org.testng.internal.invokers.MethodInvocationHelper.invokeMethod(MethodInvocationHelper.java:141)
org.testng.internal.invokers.TestInvoker.invokeMethod(TestInvoker.java:687)
org.testng.internal.invokers.TestInvoker.invokeTestMethod(TestInvoker.java:230)
org.testng.internal.invokers.MethodRunner.runInSequence(MethodRunner.java:63)
org.testng.internal.invokers.TestInvoker$MethodInvocationAgent.invoke(TestInvoker.java:995)
org.testng.internal.invokers.TestInvoker.invokeTestMethods(TestInvoker.java:203)
org.testng.internal.invokers.TestMethodWorker.invokeTestMethods(TestMethodWorker.java:154)
org.testng.internal.invokers.TestMethodWorker.run(TestMethodWorker.java:134)
java.base/java.util.concurrent.Executors$RunnableAdapter.call(Executors.java:572)
java.base/java.util.concurrent.FutureTask.run(FutureTask.java:317)
org.testng.internal.thread.graph.TestNGFutureTask.run(TestNGFutureTask.java:22)
java.base/java.util.concurrent.ThreadPoolExecutor.runWorker(ThreadPoolExecutor.java:1144)
java.base/java.util.concurrent.ThreadPoolExecutor$Worker.run(ThreadPoolExecutor.java:642)
java.base/java.lang.Thread.run(Thread.java:1583)
